<?xml version="1.0" encoding="UTF-8"?>
<!-- Generated by org.testng.reporters.JUnitReportReporter -->
<testsuite skipped="0" hostname="Boban-PC" name="tests.DatePickerTest" tests="2" failures="0" timestamp="06 Sep 2018 10:23:14 GMT" time="35.753" errors="0">
  <testcase name="setFromDate" time="32.709" classname="tests.DatePickerTest"/>
  <testcase name="checkEnteredDate" time="3.044" classname="tests.DatePickerTest"/>
</testsuite> <!-- tests.DatePickerTest -->
