<?xml version="1.0" encoding="UTF-8"?>
<!-- Generated by org.testng.reporters.JUnitReportReporter -->
<testsuite hostname="ADMINRG-LUNIIA4" failures="0" tests="5" name="tests.HeaderMenuTest" time="11.060" errors="0" timestamp="10 Sep 2018 11:03:04 GMT" skipped="0">
  <testcase classname="tests.HeaderMenuTest" name="canGoToInvoicesList" time="1.211"/>
  <testcase classname="tests.HeaderMenuTest" name="canGoToBusinessList" time="0.796"/>
  <testcase classname="tests.HeaderMenuTest" name="canGoToClientsList" time="0.850"/>
  <testcase classname="tests.HeaderMenuTest" name="canGoToActivityLog" time="1.363"/>
  <testcase classname="tests.HeaderMenuTest" name="canLogOut" time="6.840"/>
</testsuite> <!-- tests.HeaderMenuTest -->
