<?xml version="1.0" encoding="UTF-8"?>
<!-- Generated by org.testng.reporters.JUnitReportReporter -->
<testsuite hostname="ADMINRG-LUNIIA4" failures="0" tests="1" name="tests.HappyLoginTest" time="4.024" errors="0" timestamp="09 Sep 2018 11:26:21 GMT" skipped="0">
  <testcase classname="tests.HappyLoginTest" name="canLoginWithValidCredentials" time="4.024"/>
</testsuite> <!-- tests.HappyLoginTest -->
