<?xml version="1.0" encoding="UTF-8"?>
<!-- Generated by org.testng.reporters.JUnitReportReporter -->
<testsuite hostname="ADMINRG-LUNIIA4" failures="0" tests="1" name="tests.AddNewInvoiceTest" time="17.197" errors="0" timestamp="10 Sep 2018 11:03:04 GMT" skipped="0">
  <testcase classname="tests.AddNewInvoiceTest" name="canAddInvoice" time="17.197"/>
</testsuite> <!-- tests.AddNewInvoiceTest -->
